<?xml version="1.0" encoding="UTF-8"?>
<testng-results ignored="0" total="2" passed="2" failed="0" skipped="0">
  <reporter-output>
  </reporter-output>
  <suite started-at="2023-07-19T17:09:00 IST" name="Suite" finished-at="2023-07-19T17:09:15 IST" duration-ms="14718">
    <groups>
    </groups>
    <test started-at="2023-07-19T17:09:00 IST" name="Test" finished-at="2023-07-19T17:09:15 IST" duration-ms="14718">
      <class name="BENCH.JENKINS.Positive">
        <test-method is-config="true" signature="startBrowser()[pri:0, instance:BENCH.JENKINS.Positive@1de5f259]" started-at="2023-07-19T17:09:08 IST" name="startBrowser" finished-at="2023-07-19T17:09:11 IST" duration-ms="3293" status="PASS">
          <reporter-output>
          </reporter-output>
        </test-method> <!-- startBrowser -->
        <test-method signature="positive()[pri:0, instance:BENCH.JENKINS.Positive@1de5f259]" started-at="2023-07-19T17:09:11 IST" name="positive" finished-at="2023-07-19T17:09:14 IST" duration-ms="2822" status="PASS">
          <reporter-output>
          </reporter-output>
        </test-method> <!-- positive -->
        <test-method is-config="true" signature="stopBrowser()[pri:0, instance:BENCH.JENKINS.Positive@1de5f259]" started-at="2023-07-19T17:09:14 IST" name="stopBrowser" finished-at="2023-07-19T17:09:15 IST" duration-ms="668" status="PASS">
          <reporter-output>
          </reporter-output>
        </test-method> <!-- stopBrowser -->
      </class> <!-- BENCH.JENKINS.Positive -->
      <class name="BENCH.JENKINS.Negative">
        <test-method is-config="true" signature="startBrowser()[pri:0, instance:BENCH.JENKINS.Negative@17497425]" started-at="2023-07-19T17:09:00 IST" name="startBrowser" finished-at="2023-07-19T17:09:05 IST" duration-ms="4723" status="PASS">
          <reporter-output>
          </reporter-output>
        </test-method> <!-- startBrowser -->
        <test-method signature="negative()[pri:0, instance:BENCH.JENKINS.Negative@17497425]" started-at="2023-07-19T17:09:05 IST" name="negative" finished-at="2023-07-19T17:09:07 IST" duration-ms="2484" status="PASS">
          <reporter-output>
          </reporter-output>
        </test-method> <!-- negative -->
        <test-method is-config="true" signature="stopBrowser()[pri:0, instance:BENCH.JENKINS.Negative@17497425]" started-at="2023-07-19T17:09:07 IST" name="stopBrowser" finished-at="2023-07-19T17:09:08 IST" duration-ms="686" status="PASS">
          <reporter-output>
          </reporter-output>
        </test-method> <!-- stopBrowser -->
      </class> <!-- BENCH.JENKINS.Negative -->
    </test> <!-- Test -->
  </suite> <!-- Suite -->
</testng-results>
